<?xml version="1.0" encoding="UTF-8"?>
<!-- Generated by org.testng.reporters.JUnitReportReporter -->
<testsuite hostname="Mayanks-MacBook-Air.local" failures="0" tests="1" name="com.mystore.testcases.SauceOverviewTest$SauceProductTest" time="76.206" errors="0" timestamp="2022-11-12T13:30:27 IST" skipped="0">
  <testcase classname="com.mystore.testcases.SauceOverviewTest$SauceProductTest" name="verifyProduct" time="76.206"/>
  <system-out/>
</testsuite> <!-- com.mystore.testcases.SauceOverviewTest$SauceProductTest -->
