<?xml version="1.0" encoding="UTF-8"?>
<!-- Generated by org.testng.reporters.JUnitReportReporter -->
<testsuite hostname="Mayanks-MacBook-Air.local" failures="0" tests="1" name="com.mystore.testcases.SauceCompleteTest$SauceProductTest" time="83.667" errors="0" timestamp="2022-11-14T11:22:30 IST" skipped="0">
  <testcase classname="com.mystore.testcases.SauceCompleteTest$SauceProductTest" name="verifyProduct" time="83.667"/>
  <system-out/>
</testsuite> <!-- com.mystore.testcases.SauceCompleteTest$SauceProductTest -->
