<?xml version="1.0" encoding="UTF-8"?>
<!-- Generated by org.testng.reporters.JUnitReportReporter -->
<testsuite hostname="Mayanks-MacBook-Air.local" failures="0" tests="1" name="com.mystore.testcases.SauceProductTest" time="14.963" errors="0" timestamp="2022-11-14T10:36:41 IST" skipped="0">
  <testcase classname="com.mystore.testcases.SauceProductTest" name="verifyProduct" time="14.963"/>
  <system-out/>
</testsuite> <!-- com.mystore.testcases.SauceProductTest -->
