<?xml version="1.0" encoding="UTF-8"?>
<!-- Generated by org.testng.reporters.JUnitReportReporter -->
<testsuite hostname="Mayanks-MacBook-Air.local" failures="0" tests="1" name="com.mystore.testcases.TC_AccountPageTestDatadrivenTesting" time="0.000" errors="0" timestamp="2022-11-08T13:28:46 IST" skipped="1">
  <testcase classname="com.mystore.testcases.TC_AccountPageTestDatadrivenTesting" name="verifylogin" time="0.000">
    <skipped/>
  </testcase> <!-- verifylogin -->
  <system-out/>
</testsuite> <!-- com.mystore.testcases.TC_AccountPageTestDatadrivenTesting -->
