<?xml version="1.0" encoding="UTF-8"?>
<!-- Generated by org.testng.reporters.JUnitReportReporter -->
<testsuite hostname="Mayanks-MacBook-Air.local" failures="0" tests="1" name="Excelclass.Screenshot" time="16.923" errors="0" timestamp="2022-11-08T15:36:54 IST" skipped="0">
  <testcase classname="Excelclass.Screenshot" name="Test1" time="16.923"/>
  <system-out/>
</testsuite> <!-- Excelclass.Screenshot -->
