<?xml version="1.0" encoding="UTF-8"?>
<!-- Generated by org.testng.reporters.JUnitReportReporter -->
<testsuite hostname="Mayanks-MacBook-Air.local" failures="0" tests="3" name="parameterizationOrCrossBrowser.CrossBrowserOrParameterization" time="17.401" errors="0" timestamp="2022-10-28T11:14:58 IST" skipped="0">
  <testcase classname="parameterizationOrCrossBrowser.CrossBrowserOrParameterization" name="testParameterizationOrCrossBrowser" time="7.680"/>
  <system-out/>
  <testcase classname="parameterizationOrCrossBrowser.CrossBrowserOrParameterization" name="testParameterizationOrCrossBrowser" time="7.050"/>
  <system-out/>
  <testcase classname="parameterizationOrCrossBrowser.CrossBrowserOrParameterization" name="testParameterizationOrCrossBrowser" time="2.671"/>
  <system-out/>
</testsuite> <!-- parameterizationOrCrossBrowser.CrossBrowserOrParameterization -->
