<?xml version="1.0" encoding="UTF-8"?>
<!-- Generated by org.testng.reporters.JUnitReportReporter -->
<testsuite hostname="Mayanks-MacBook-Air.local" failures="0" tests="3" name="Xmlclass.TestNGGroup" time="0.011" errors="0" timestamp="2022-10-26T11:16:29 IST" skipped="0">
  <testcase classname="Xmlclass.TestNGGroup" name="Regression2" time="0.001"/>
  <system-out/>
  <testcase classname="Xmlclass.TestNGGroup" name="test2" time="0.002"/>
  <system-out/>
  <testcase classname="Xmlclass.TestNGGroup" name="Regression1" time="0.008"/>
  <system-out/>
</testsuite> <!-- Xmlclass.TestNGGroup -->
