<?xml version="1.0" encoding="UTF-8"?>
<!-- Generated by org.testng.reporters.JUnitReportReporter -->
<testsuite hostname="Mayanks-MacBook-Air.local" failures="0" tests="2" name="Xmlclass.xmlclass2" time="0.011" errors="0" timestamp="2022-10-26T10:36:24 IST" skipped="0">
  <testcase classname="Xmlclass.xmlclass2" name="xml2Test1" time="0.002"/>
  <system-out/>
  <testcase classname="Xmlclass.xmlclass2" name="xml2Test" time="0.009"/>
  <system-out/>
</testsuite> <!-- Xmlclass.xmlclass2 -->
