<?xml version="1.0" encoding="UTF-8"?>
<!-- Generated by org.testng.reporters.JUnitReportReporter -->
<testsuite hostname="Mayanks-MacBook-Air.local" failures="0" tests="1" name="TestNGF" time="18.859" errors="0" timestamp="2022-10-20T13:35:27 IST" skipped="0">
  <testcase classname="TestNGF" name="test" time="18.859"/>
  <system-out/>
</testsuite> <!-- TestNGF -->
