<?xml version="1.0" encoding="UTF-8"?>
<!-- Generated by org.testng.reporters.JUnitReportReporter -->
<testsuite hostname="Mayanks-MacBook-Air.local" failures="0" tests="2" name="TestNGFirst" time="22.924" errors="0" timestamp="2022-11-03T11:41:18 IST" skipped="0">
  <testcase classname="TestNGFirst" name="test" time="13.435"/>
  <system-out/>
  <testcase classname="TestNGFirst" name="test1" time="9.489"/>
  <system-out/>
</testsuite> <!-- TestNGFirst -->
