<?xml version="1.0" encoding="UTF-8"?>
<!-- Generated by org.testng.reporters.JUnitReportReporter -->
<testsuite hostname="Mayanks-MacBook-Air.local" failures="0" tests="1" name="pom.Logintest" time="27.400" errors="0" timestamp="2022-11-03T11:42:05 IST" skipped="0">
  <testcase classname="pom.Logintest" name="test1" time="27.400"/>
  <system-out/>
</testsuite> <!-- pom.Logintest -->
