<?xml version="1.0" encoding="UTF-8"?>
<!-- Generated by org.testng.reporters.JUnitReportReporter -->
<testsuite hostname="Mayanks-MacBook-Air.local" failures="0" tests="2" name="Excelclass.Dataprovider" time="33.595" errors="0" timestamp="2022-10-28T14:32:34 IST" skipped="0">
  <testcase classname="Excelclass.Dataprovider" name="searchKeyword" time="14.770"/>
  <system-out/>
  <testcase classname="Excelclass.Dataprovider" name="searchKeyword" time="18.825"/>
  <system-out/>
</testsuite> <!-- Excelclass.Dataprovider -->
