<?xml version="1.0" encoding="UTF-8"?>
<!-- Generated by org.testng.reporters.JUnitReportReporter -->
<testsuite hostname="Mayanks-MacBook-Air.local" failures="0" tests="2" name="Dependonmethod" time="0.011" errors="0" timestamp="2022-10-28T11:12:25 IST" skipped="0">
  <testcase classname="Dependonmethod" name="OpenBrowser" time="0.010"/>
  <system-out/>
  <testcase classname="Dependonmethod" name="Signin" time="0.001"/>
  <system-out/>
</testsuite> <!-- Dependonmethod -->
