<?xml version="1.0" encoding="UTF-8"?>
<!-- Generated by org.testng.reporters.JUnitReportReporter -->
<testsuite hostname="Mayanks-MacBook-Air.local" failures="0" tests="1" name="Annotationmethod" time="0.007" errors="0" timestamp="2022-11-08T15:11:52 IST" skipped="0">
  <testcase classname="Annotationmethod" name="testcase" time="0.007"/>
  <system-out/>
</testsuite> <!-- Annotationmethod -->
