<?xml version="1.0" encoding="UTF-8"?>
<!-- Generated by org.testng.reporters.JUnitReportReporter -->
<testsuite hostname="Mayanks-MacBook-Air.local" failures="0" tests="1" name="Excelclass.Uploadfile" time="18.310" errors="0" timestamp="2022-11-08T15:39:07 IST" skipped="0">
  <testcase classname="Excelclass.Uploadfile" name="test1" time="18.310"/>
  <system-out/>
</testsuite> <!-- Excelclass.Uploadfile -->
