<?xml version="1.0" encoding="UTF-8"?>
<!-- Generated by org.testng.reporters.JUnitReportReporter -->
<testsuite hostname="Mayanks-MacBook-Air.local" failures="0" tests="2" name="Xmlclass.xmlclass1" time="26.518" errors="0" timestamp="2022-10-27T11:44:47 IST" skipped="0">
  <testcase classname="Xmlclass.xmlclass1" name="xmlTest1" time="16.637"/>
  <system-out/>
  <testcase classname="Xmlclass.xmlclass1" name="xmlTest2" time="9.881"/>
  <system-out/>
</testsuite> <!-- Xmlclass.xmlclass1 -->
